[09-May-2022 03:51:22 UTC] PHP Deprecated:  Tema sem header.php está <strong>obsoleto</strong> desde a versão 3.0.0 sem nenhuma alternativa disponível. Inclua um modelo header.php em seu tema. in C:\xampp\htdocs\wordpress-theme\wp-includes\functions.php on line 5523
[09-May-2022 03:51:22 UTC] PHP Deprecated:  Tema sem footer.php está <strong>obsoleto</strong> desde a versão 3.0.0 sem nenhuma alternativa disponível. Inclua um modelo footer.php em seu tema. in C:\xampp\htdocs\wordpress-theme\wp-includes\functions.php on line 5523
[09-May-2022 04:30:41 UTC] PHP Warning:  require_once(template-parts/header/header.php): failed to open stream: No such file or directory in C:\xampp\htdocs\wordpress-theme\wp-content\themes\mytheme\page-templates\page_project-description.php on line 6
[09-May-2022 04:30:41 UTC] PHP Fatal error:  require_once(): Failed opening required 'template-parts/header/header.php' (include_path='C:\xampp\php\PEAR') in C:\xampp\htdocs\wordpress-theme\wp-content\themes\mytheme\page-templates\page_project-description.php on line 6
[09-May-2022 04:31:03 UTC] PHP Warning:  require_once(../template-parts/header/header.php): failed to open stream: No such file or directory in C:\xampp\htdocs\wordpress-theme\wp-content\themes\mytheme\page-templates\page_project-description.php on line 6
[09-May-2022 04:31:03 UTC] PHP Fatal error:  require_once(): Failed opening required '../template-parts/header/header.php' (include_path='C:\xampp\php\PEAR') in C:\xampp\htdocs\wordpress-theme\wp-content\themes\mytheme\page-templates\page_project-description.php on line 6
[09-May-2022 04:31:43 UTC] PHP Deprecated:  Tema sem header.php está <strong>obsoleto</strong> desde a versão 3.0.0 sem nenhuma alternativa disponível. Inclua um modelo header.php em seu tema. in C:\xampp\htdocs\wordpress-theme\wp-includes\functions.php on line 5523
[09-May-2022 04:33:00 UTC] PHP Warning:  require(../template-parts/header/header.php): failed to open stream: No such file or directory in C:\xampp\htdocs\wordpress-theme\wp-content\themes\mytheme\page-templates\page_project-description.php on line 6
[09-May-2022 04:33:00 UTC] PHP Fatal error:  require(): Failed opening required '../template-parts/header/header.php' (include_path='C:\xampp\php\PEAR') in C:\xampp\htdocs\wordpress-theme\wp-content\themes\mytheme\page-templates\page_project-description.php on line 6
[09-May-2022 04:35:17 UTC] PHP Warning:  include(../template-parts/header/header.php): failed to open stream: No such file or directory in C:\xampp\htdocs\wordpress-theme\wp-content\themes\mytheme\page-templates\page_project-description.php on line 6
[09-May-2022 04:35:17 UTC] PHP Warning:  include(): Failed opening '../template-parts/header/header.php' for inclusion (include_path='C:\xampp\php\PEAR') in C:\xampp\htdocs\wordpress-theme\wp-content\themes\mytheme\page-templates\page_project-description.php on line 6
[09-May-2022 04:39:36 UTC] PHP Deprecated:  Tema sem header.php está <strong>obsoleto</strong> desde a versão 3.0.0 sem nenhuma alternativa disponível. Inclua um modelo header.php em seu tema. in C:\xampp\htdocs\wordpress-theme\wp-includes\functions.php on line 5523
[09-May-2022 23:16:02 UTC] PHP Notice:  Undefined variable: pageStyle in C:\xampp\htdocs\wordpress-theme\wp-content\themes\mytheme\header.php on line 11
[09-May-2022 23:17:08 UTC] PHP Notice:  Undefined variable: pageStyle in C:\xampp\htdocs\wordpress-theme\wp-content\themes\mytheme\header.php on line 11
[09-May-2022 23:22:25 UTC] PHP Notice:  Undefined index: pageStyle in C:\xampp\htdocs\wordpress-theme\wp-content\themes\mytheme\header.php on line 11
[09-May-2022 23:22:25 UTC] PHP Notice:  Undefined index: pageStyle in C:\xampp\htdocs\wordpress-theme\wp-content\themes\mytheme\header.php on line 12
[09-May-2022 23:22:45 UTC] PHP Notice:  Undefined variable: pageStyle in C:\xampp\htdocs\wordpress-theme\wp-content\themes\mytheme\header.php on line 11
[09-May-2022 23:22:45 UTC] PHP Notice:  Undefined variable: pageStyle in C:\xampp\htdocs\wordpress-theme\wp-content\themes\mytheme\header.php on line 12
[09-May-2022 23:23:25 UTC] PHP Notice:  Undefined variable: pageStyle in C:\xampp\htdocs\wordpress-theme\wp-content\themes\mytheme\header.php on line 11
[09-May-2022 23:23:25 UTC] PHP Notice:  Undefined variable: pageStyle in C:\xampp\htdocs\wordpress-theme\wp-content\themes\mytheme\header.php on line 12
[09-May-2022 23:23:40 UTC] PHP Notice:  Undefined variable: pageStyle in C:\xampp\htdocs\wordpress-theme\wp-content\themes\mytheme\header.php on line 11
[09-May-2022 23:23:40 UTC] PHP Notice:  Undefined variable: pageStyle in C:\xampp\htdocs\wordpress-theme\wp-content\themes\mytheme\header.php on line 12
[09-May-2022 23:25:02 UTC] PHP Notice:  Undefined variable: args in C:\xampp\htdocs\wordpress-theme\wp-content\themes\mytheme\header.php on line 11
[09-May-2022 23:25:02 UTC] PHP Notice:  Trying to access array offset on value of type null in C:\xampp\htdocs\wordpress-theme\wp-content\themes\mytheme\header.php on line 11
[09-May-2022 23:25:41 UTC] PHP Notice:  Undefined variable: pageStyle in C:\xampp\htdocs\wordpress-theme\wp-content\themes\mytheme\header.php on line 12
[10-May-2022 00:47:04 UTC] PHP Notice:  Undefined index: pageStyle in C:\xampp\htdocs\wordpress-theme\wp-content\themes\mytheme\header.php on line 11
[10-May-2022 01:55:19 UTC] PHP Parse error:  syntax error, unexpected 'echo' (T_ECHO) in C:\xampp\htdocs\wordpress-theme\wp-content\themes\mytheme\single.php on line 20
[10-May-2022 01:55:24 UTC] PHP Fatal error:  Uncaught ArgumentCountError: Too few arguments to function mytheme_reading_time(), 0 passed in C:\xampp\htdocs\wordpress-theme\wp-content\themes\mytheme\single.php on line 20 and exactly 1 expected in C:\xampp\htdocs\wordpress-theme\wp-content\themes\mytheme\functions.php:54
Stack trace:
#0 C:\xampp\htdocs\wordpress-theme\wp-content\themes\mytheme\single.php(20): mytheme_reading_time()
#1 C:\xampp\htdocs\wordpress-theme\wp-includes\template-loader.php(106): include('C:\\xampp\\htdocs...')
#2 C:\xampp\htdocs\wordpress-theme\wp-blog-header.php(19): require_once('C:\\xampp\\htdocs...')
#3 C:\xampp\htdocs\wordpress-theme\index.php(17): require('C:\\xampp\\htdocs...')
#4 {main}
  thrown in C:\xampp\htdocs\wordpress-theme\wp-content\themes\mytheme\functions.php on line 54
[10-May-2022 03:00:42 UTC] PHP Parse error:  syntax error, unexpected '<' in C:\xampp\htdocs\wordpress-theme\wp-content\themes\mytheme\front-page.php on line 33
[11-May-2022 04:35:09 UTC] PHP Notice:  Undefined index: g_csrf_token in C:\xampp\htdocs\wordpress-theme\wp-content\themes\mytheme\page-login.php on line 9
[11-May-2022 04:35:09 UTC] PHP Notice:  Undefined index: g_csrf_token in C:\xampp\htdocs\wordpress-theme\wp-content\themes\mytheme\page-login.php on line 11
[11-May-2022 04:35:51 UTC] PHP Notice:  Undefined index: g_csrf_token in C:\xampp\htdocs\wordpress-theme\wp-content\themes\mytheme\page-login.php on line 9
[11-May-2022 04:35:51 UTC] PHP Notice:  Undefined index: g_csrf_token in C:\xampp\htdocs\wordpress-theme\wp-content\themes\mytheme\page-login.php on line 11
[11-May-2022 04:36:46 UTC] PHP Notice:  Undefined index: g_csrf_token in C:\xampp\htdocs\wordpress-theme\wp-content\themes\mytheme\page-login.php on line 9
[11-May-2022 04:36:46 UTC] PHP Notice:  Undefined index: g_csrf_token in C:\xampp\htdocs\wordpress-theme\wp-content\themes\mytheme\page-login.php on line 11
[11-May-2022 04:37:11 UTC] PHP Notice:  Undefined index: g_csrf_token in C:\xampp\htdocs\wordpress-theme\wp-content\themes\mytheme\page-login.php on line 9
[11-May-2022 04:37:11 UTC] PHP Notice:  Undefined index: g_csrf_token in C:\xampp\htdocs\wordpress-theme\wp-content\themes\mytheme\page-login.php on line 11
[11-May-2022 04:37:43 UTC] PHP Notice:  Undefined index: g_csrf_token in C:\xampp\htdocs\wordpress-theme\wp-content\themes\mytheme\page-login.php on line 9
[11-May-2022 04:37:43 UTC] PHP Notice:  Undefined index: g_csrf_token in C:\xampp\htdocs\wordpress-theme\wp-content\themes\mytheme\page-login.php on line 11
[11-May-2022 04:40:07 UTC] PHP Notice:  Undefined index: g_csrf_token in C:\xampp\htdocs\wordpress-theme\wp-content\themes\mytheme\page-login.php on line 9
[11-May-2022 04:40:07 UTC] PHP Notice:  Undefined index: g_csrf_token in C:\xampp\htdocs\wordpress-theme\wp-content\themes\mytheme\page-login.php on line 11
[11-May-2022 04:40:09 UTC] PHP Notice:  Undefined index: g_csrf_token in C:\xampp\htdocs\wordpress-theme\wp-content\themes\mytheme\page-login.php on line 9
[11-May-2022 04:40:09 UTC] PHP Notice:  Undefined index: g_csrf_token in C:\xampp\htdocs\wordpress-theme\wp-content\themes\mytheme\page-login.php on line 11
[11-May-2022 04:41:42 UTC] PHP Notice:  Undefined index: g_csrf_token in C:\xampp\htdocs\wordpress-theme\wp-content\themes\mytheme\page-login.php on line 9
[11-May-2022 04:41:42 UTC] PHP Notice:  Undefined index: g_csrf_token in C:\xampp\htdocs\wordpress-theme\wp-content\themes\mytheme\page-login.php on line 11
[11-May-2022 04:42:54 UTC] PHP Notice:  Undefined index: g_csrf_token in C:\xampp\htdocs\wordpress-theme\wp-content\themes\mytheme\page-login.php on line 9
[11-May-2022 04:42:54 UTC] PHP Notice:  Undefined index: g_csrf_token in C:\xampp\htdocs\wordpress-theme\wp-content\themes\mytheme\page-login.php on line 11
[11-May-2022 04:43:20 UTC] PHP Notice:  Undefined index: g_csrf_token in C:\xampp\htdocs\wordpress-theme\wp-content\themes\mytheme\page-login.php on line 9
[11-May-2022 04:43:20 UTC] PHP Notice:  Undefined index: g_csrf_token in C:\xampp\htdocs\wordpress-theme\wp-content\themes\mytheme\page-login.php on line 11
[11-May-2022 05:18:41 UTC] PHP Fatal error:  Composer detected issues in your platform: Your Composer dependencies require a PHP version ">= 8.0.2". You are running 7.4.27. in C:\xampp\htdocs\wordpress-theme\wp-content\themes\mytheme\vendor\composer\platform_check.php on line 24
[11-May-2022 14:08:02 UTC] PHP Fatal error:  Composer detected issues in your platform: Your Composer dependencies require a PHP version ">= 8.0.2". You are running 7.4.27. in C:\xampp\htdocs\wordpress-theme\wp-content\themes\mytheme\vendor\composer\platform_check.php on line 24
[11-May-2022 16:04:59 UTC] PHP Notice:  Undefined variable: _SESSION in C:\xampp\htdocs\wordpress-theme\wp-content\themes\mytheme\page-login.php on line 31
[11-May-2022 16:07:47 UTC] PHP Notice:  session_start(): A session had already been started - ignoring in C:\xampp\htdocs\wordpress-theme\wp-content\themes\mytheme\page-login.php on line 25
[11-May-2022 16:32:19 UTC] PHP Warning:  session_unset() expects exactly 0 parameters, 1 given in C:\xampp\htdocs\wordpress-theme\wp-content\themes\mytheme\page-login.php on line 33
[11-May-2022 16:32:42 UTC] PHP Warning:  session_unset() expects exactly 0 parameters, 1 given in C:\xampp\htdocs\wordpress-theme\wp-content\themes\mytheme\page-login.php on line 33
[11-May-2022 16:32:46 UTC] PHP Warning:  session_unset() expects exactly 0 parameters, 1 given in C:\xampp\htdocs\wordpress-theme\wp-content\themes\mytheme\page-login.php on line 33
[11-May-2022 16:32:50 UTC] PHP Warning:  session_unset() expects exactly 0 parameters, 1 given in C:\xampp\htdocs\wordpress-theme\wp-content\themes\mytheme\page-login.php on line 33
[11-May-2022 17:15:07 UTC] PHP Warning:  require_once(../vendor/autoload.php): failed to open stream: No such file or directory in C:\xampp\htdocs\wordpress-theme\wp-content\themes\mytheme\components\login-button.php on line 3
[11-May-2022 17:15:07 UTC] PHP Fatal error:  require_once(): Failed opening required '../vendor/autoload.php' (include_path='C:\xampp\php\PEAR') in C:\xampp\htdocs\wordpress-theme\wp-content\themes\mytheme\components\login-button.php on line 3
[11-May-2022 17:15:28 UTC] PHP Warning:  require_once(vendor/autoload.php): failed to open stream: No such file or directory in C:\xampp\htdocs\wordpress-theme\wp-content\themes\mytheme\components\login-button.php on line 3
[11-May-2022 17:15:28 UTC] PHP Fatal error:  require_once(): Failed opening required 'vendor/autoload.php' (include_path='C:\xampp\php\PEAR') in C:\xampp\htdocs\wordpress-theme\wp-content\themes\mytheme\components\login-button.php on line 3
[11-May-2022 17:15:57 UTC] PHP Warning:  require_once(): http:// wrapper is disabled in the server configuration by allow_url_include=0 in C:\xampp\htdocs\wordpress-theme\wp-content\themes\mytheme\components\login-button.php on line 3
[11-May-2022 17:15:57 UTC] PHP Warning:  require_once(http://localhost/wordpress-theme/wp-content/themes/mytheme/vendor/autoload.php): failed to open stream: no suitable wrapper could be found in C:\xampp\htdocs\wordpress-theme\wp-content\themes\mytheme\components\login-button.php on line 3
[11-May-2022 17:15:57 UTC] PHP Fatal error:  require_once(): Failed opening required 'http://localhost/wordpress-theme/wp-content/themes/mytheme/vendor/autoload.php' (include_path='C:\xampp\php\PEAR') in C:\xampp\htdocs\wordpress-theme\wp-content\themes\mytheme\components\login-button.php on line 3
[11-May-2022 17:16:20 UTC] PHP Warning:  require_once(): http:// wrapper is disabled in the server configuration by allow_url_include=0 in C:\xampp\htdocs\wordpress-theme\wp-content\themes\mytheme\components\login-button.php on line 3
[11-May-2022 17:16:20 UTC] PHP Warning:  require_once(http://localhost/wordpress-theme/wp-content/themes/mytheme/vendor/autoload.php): failed to open stream: no suitable wrapper could be found in C:\xampp\htdocs\wordpress-theme\wp-content\themes\mytheme\components\login-button.php on line 3
[11-May-2022 17:16:20 UTC] PHP Fatal error:  require_once(): Failed opening required 'http://localhost/wordpress-theme/wp-content/themes/mytheme/vendor/autoload.php' (include_path='C:\xampp\php\PEAR') in C:\xampp\htdocs\wordpress-theme\wp-content\themes\mytheme\components\login-button.php on line 3
[11-May-2022 17:16:26 UTC] PHP Warning:  require_once(/vendor/autoload.php): failed to open stream: No such file or directory in C:\xampp\htdocs\wordpress-theme\wp-content\themes\mytheme\components\login-button.php on line 3
[11-May-2022 17:16:26 UTC] PHP Fatal error:  require_once(): Failed opening required '/vendor/autoload.php' (include_path='C:\xampp\php\PEAR') in C:\xampp\htdocs\wordpress-theme\wp-content\themes\mytheme\components\login-button.php on line 3
[11-May-2022 17:17:50 UTC] PHP Warning:  session_start(): Cannot start session when headers already sent in C:\xampp\htdocs\wordpress-theme\wp-content\themes\mytheme\app\Session\User.php on line 12
[11-May-2022 17:18:56 UTC] PHP Warning:  session_start(): Cannot start session when headers already sent in C:\xampp\htdocs\wordpress-theme\wp-content\themes\mytheme\app\Session\User.php on line 12
[11-May-2022 17:19:13 UTC] PHP Warning:  session_start(): Cannot start session when headers already sent in C:\xampp\htdocs\wordpress-theme\wp-content\themes\mytheme\app\Session\User.php on line 12
[11-May-2022 17:19:17 UTC] PHP Warning:  session_start(): Cannot start session when headers already sent in C:\xampp\htdocs\wordpress-theme\wp-content\themes\mytheme\app\Session\User.php on line 12
[11-May-2022 17:19:22 UTC] PHP Warning:  session_start(): Cannot start session when headers already sent in C:\xampp\htdocs\wordpress-theme\wp-content\themes\mytheme\app\Session\User.php on line 12
[11-May-2022 17:23:39 UTC] PHP Warning:  session_start(): Cannot start session when headers already sent in C:\xampp\htdocs\wordpress-theme\wp-content\themes\mytheme\app\Session\User.php on line 12
[11-May-2022 17:23:51 UTC] PHP Warning:  require_once(../vendor/autoload.php): failed to open stream: No such file or directory in C:\xampp\htdocs\wordpress-theme\wp-content\themes\mytheme\components\login-button.php on line 3
[11-May-2022 17:23:51 UTC] PHP Fatal error:  require_once(): Failed opening required '../vendor/autoload.php' (include_path='C:\xampp\php\PEAR') in C:\xampp\htdocs\wordpress-theme\wp-content\themes\mytheme\components\login-button.php on line 3
[11-May-2022 17:25:35 UTC] PHP Warning:  session_start(): Cannot start session when headers already sent in C:\xampp\htdocs\wordpress-theme\wp-content\themes\mytheme\app\Session\User.php on line 12
[11-May-2022 17:26:53 UTC] PHP Warning:  session_start(): Cannot start session when headers already sent in C:\xampp\htdocs\wordpress-theme\wp-content\themes\mytheme\app\Session\User.php on line 12
[11-May-2022 17:27:02 UTC] PHP Warning:  session_start(): Cannot start session when headers already sent in C:\xampp\htdocs\wordpress-theme\wp-content\themes\mytheme\app\Session\User.php on line 12
[11-May-2022 17:30:37 UTC] PHP Warning:  session_start(): Cannot start session when headers already sent in C:\xampp\htdocs\wordpress-theme\wp-content\themes\mytheme\app\Session\User.php on line 12
[11-May-2022 17:30:37 UTC] PHP Warning:  require_once(C:\xampp\php\pear): failed to open stream: Permission denied in C:\xampp\htdocs\wordpress-theme\wp-content\themes\mytheme\header.php on line 29
[11-May-2022 17:30:37 UTC] PHP Fatal error:  require_once(): Failed opening required '' (include_path='C:\xampp\php\PEAR') in C:\xampp\htdocs\wordpress-theme\wp-content\themes\mytheme\header.php on line 29
[11-May-2022 17:54:39 UTC] PHP Warning:  require(components/login-button): failed to open stream: No such file or directory in C:\xampp\htdocs\wordpress-theme\wp-content\themes\mytheme\header.php on line 9
[11-May-2022 17:54:39 UTC] PHP Fatal error:  require(): Failed opening required 'components/login-button' (include_path='C:\xampp\php\PEAR') in C:\xampp\htdocs\wordpress-theme\wp-content\themes\mytheme\header.php on line 9
[11-May-2022 17:56:16 UTC] PHP Warning:  session_start(): Cannot start session when headers already sent in C:\xampp\htdocs\wordpress-theme\wp-content\themes\mytheme\app\Session\User.php on line 12
[11-May-2022 17:58:30 UTC] PHP Notice:  session_start(): A session had already been started - ignoring in C:\xampp\htdocs\wordpress-theme\wp-content\themes\mytheme\header.php on line 6
[11-May-2022 17:58:30 UTC] PHP Notice:  session_start(): A session had already been started - ignoring in C:\xampp\htdocs\wordpress-theme\wp-content\themes\mytheme\header.php on line 6
[11-May-2022 18:01:19 UTC] PHP Notice:  Undefined variable: isUserLoggedIn in C:\xampp\htdocs\wordpress-theme\wp-content\themes\mytheme\single.php on line 7
[11-May-2022 18:01:21 UTC] PHP Notice:  Undefined variable: isUserLoggedIn in C:\xampp\htdocs\wordpress-theme\wp-content\themes\mytheme\single.php on line 7
[11-May-2022 18:03:04 UTC] PHP Notice:  Undefined variable: isUserLoggedIn in C:\xampp\htdocs\wordpress-theme\wp-content\themes\mytheme\single.php on line 8
[11-May-2022 18:03:05 UTC] PHP Warning:  Cannot modify header information - headers already sent by (output started at C:\xampp\htdocs\wordpress-theme\wp-includes\class.wp-styles.php:214) in C:\xampp\htdocs\wordpress-theme\wp-content\themes\mytheme\single.php on line 9
[11-May-2022 18:07:08 UTC] PHP Warning:  require_once(../vendor/autoload.php): failed to open stream: No such file or directory in C:\xampp\htdocs\wordpress-theme\wp-content\themes\mytheme\components\logout-button.php on line 2
[11-May-2022 18:07:08 UTC] PHP Fatal error:  require_once(): Failed opening required '../vendor/autoload.php' (include_path='C:\xampp\php\PEAR') in C:\xampp\htdocs\wordpress-theme\wp-content\themes\mytheme\components\logout-button.php on line 2
[11-May-2022 18:07:22 UTC] PHP Warning:  require_once(vendor/autoload.php): failed to open stream: No such file or directory in C:\xampp\htdocs\wordpress-theme\wp-content\themes\mytheme\components\logout-button.php on line 2
[11-May-2022 18:07:22 UTC] PHP Fatal error:  require_once(): Failed opening required 'vendor/autoload.php' (include_path='C:\xampp\php\PEAR') in C:\xampp\htdocs\wordpress-theme\wp-content\themes\mytheme\components\logout-button.php on line 2
[11-May-2022 21:22:29 UTC] PHP Fatal error:  Uncaught Error: Call to undefined function excerpt_lenght() in C:\xampp\htdocs\wordpress-theme\wp-content\themes\mytheme\single.php:37
Stack trace:
#0 C:\xampp\htdocs\wordpress-theme\wp-includes\template-loader.php(106): include()
#1 C:\xampp\htdocs\wordpress-theme\wp-blog-header.php(19): require_once('C:\\xampp\\htdocs...')
#2 C:\xampp\htdocs\wordpress-theme\index.php(17): require('C:\\xampp\\htdocs...')
#3 {main}
  thrown in C:\xampp\htdocs\wordpress-theme\wp-content\themes\mytheme\single.php on line 37
[11-May-2022 22:24:29 UTC] PHP Notice:  Undefined index: PATH_INFO in C:\xampp\htdocs\wordpress-theme\wp-content\themes\mytheme\single.php on line 4
[11-May-2022 22:24:52 UTC] PHP Notice:  Undefined index: PATH_INFO in C:\xampp\htdocs\wordpress-theme\wp-content\themes\mytheme\single.php on line 4
[11-May-2022 22:25:35 UTC] PHP Notice:  Undefined index: Php_SELF in C:\xampp\htdocs\wordpress-theme\wp-content\themes\mytheme\single.php on line 4
[11-May-2022 22:30:02 UTC] PHP Notice:  Undefined index: current_page in C:\xampp\htdocs\wordpress-theme\wp-content\themes\mytheme\page-logout.php on line 11
[11-May-2022 22:30:38 UTC] PHP Notice:  Undefined index: current_page in C:\xampp\htdocs\wordpress-theme\wp-content\themes\mytheme\page-logout.php on line 11
[11-May-2022 22:30:56 UTC] PHP Notice:  Undefined index: current_page in C:\xampp\htdocs\wordpress-theme\wp-content\themes\mytheme\page-logout.php on line 11
[11-May-2022 22:32:08 UTC] PHP Notice:  Undefined index: current_page in C:\xampp\htdocs\wordpress-theme\wp-content\themes\mytheme\page-login.php on line 33
[11-May-2022 22:35:21 UTC] PHP Notice:  Undefined index: current_page in C:\xampp\htdocs\wordpress-theme\wp-content\themes\mytheme\page-logout.php on line 11
[11-May-2022 22:35:24 UTC] PHP Notice:  Undefined index: current_page in C:\xampp\htdocs\wordpress-theme\wp-content\themes\mytheme\page-logout.php on line 11
[11-May-2022 22:44:24 UTC] PHP Notice:  Undefined variable: _SESSION in C:\xampp\htdocs\wordpress-theme\wp-content\themes\mytheme\header.php on line 4
[11-May-2022 22:44:24 UTC] PHP Notice:  Trying to access array offset on value of type null in C:\xampp\htdocs\wordpress-theme\wp-content\themes\mytheme\header.php on line 4
[11-May-2022 22:44:31 UTC] PHP Notice:  Undefined variable: _SESSION in C:\xampp\htdocs\wordpress-theme\wp-content\themes\mytheme\header.php on line 4
[11-May-2022 22:44:31 UTC] PHP Notice:  Trying to access array offset on value of type null in C:\xampp\htdocs\wordpress-theme\wp-content\themes\mytheme\header.php on line 4
[11-May-2022 22:44:36 UTC] PHP Notice:  Undefined variable: _SESSION in C:\xampp\htdocs\wordpress-theme\wp-content\themes\mytheme\header.php on line 4
[11-May-2022 22:44:36 UTC] PHP Notice:  Trying to access array offset on value of type null in C:\xampp\htdocs\wordpress-theme\wp-content\themes\mytheme\header.php on line 4
[11-May-2022 22:45:12 UTC] PHP Notice:  Undefined variable: _SESSION in C:\xampp\htdocs\wordpress-theme\wp-content\themes\mytheme\header.php on line 4
[11-May-2022 22:45:12 UTC] PHP Notice:  Trying to access array offset on value of type null in C:\xampp\htdocs\wordpress-theme\wp-content\themes\mytheme\header.php on line 4
[11-May-2022 22:45:17 UTC] PHP Notice:  Undefined variable: _SESSION in C:\xampp\htdocs\wordpress-theme\wp-content\themes\mytheme\header.php on line 4
[11-May-2022 22:45:17 UTC] PHP Notice:  Trying to access array offset on value of type null in C:\xampp\htdocs\wordpress-theme\wp-content\themes\mytheme\header.php on line 4
[11-May-2022 22:45:34 UTC] PHP Notice:  Undefined variable: _SESSION in C:\xampp\htdocs\wordpress-theme\wp-content\themes\mytheme\header.php on line 4
[11-May-2022 22:45:34 UTC] PHP Notice:  Trying to access array offset on value of type null in C:\xampp\htdocs\wordpress-theme\wp-content\themes\mytheme\header.php on line 4
[11-May-2022 22:45:37 UTC] PHP Notice:  Undefined index: current_page in C:\xampp\htdocs\wordpress-theme\wp-content\themes\mytheme\header.php on line 4
[11-May-2022 22:45:44 UTC] PHP Notice:  Undefined variable: _SESSION in C:\xampp\htdocs\wordpress-theme\wp-content\themes\mytheme\header.php on line 4
[11-May-2022 22:45:44 UTC] PHP Notice:  Trying to access array offset on value of type null in C:\xampp\htdocs\wordpress-theme\wp-content\themes\mytheme\header.php on line 4
